<?xml version="1.0" encoding="UTF-8"?>
<!-- Generated by org.testng.reporters.JUnitXMLReporter -->
<testsuite ignored="1" hostname="LAPTOP-IJ6K0BM1" failures="0" tests="1" name="Test" time="4.035" errors="0" timestamp="2025-03-08T17:55:26 IST">
  <testcase classname="testCases.TC002_LoginTest2" name="check_Login" time="1.091"/>
  <testcase classname="testCases.TC001_AccountRegistrationTest" name="verify_account_registration" time="0.0">
    <ignored/>
  </testcase> <!-- verify_account_registration -->
</testsuite> <!-- Test -->
