<?xml version="1.0" encoding="UTF-8"?>
<testng-results ignored="0" total="1" passed="1" failed="0" skipped="0">
  <reporter-output>
  </reporter-output>
  <suite started-at="2025-03-10T19:11:39 IST" name="Master Suite" finished-at="2025-03-10T19:11:49 IST" duration-ms="9909">
    <groups>
      <group name="Master">
        <method signature="TC002_LoginTest2.check_Login()[pri:0, instance:testCases.TC002_LoginTest2@2ea6e30c]" name="check_Login" class="testCases.TC002_LoginTest2"/>
      </group> <!-- Master -->
      <group name="Sanity">
        <method signature="TC002_LoginTest2.check_Login()[pri:0, instance:testCases.TC002_LoginTest2@2ea6e30c]" name="check_Login" class="testCases.TC002_LoginTest2"/>
      </group> <!-- Sanity -->
    </groups>
    <test started-at="2025-03-10T19:11:39 IST" name="Test" finished-at="2025-03-10T19:11:49 IST" duration-ms="9909">
      <class name="testCases.TC002_LoginTest2">
        <test-method is-config="true" signature="setup(java.lang.String,java.lang.String)[pri:0, instance:testCases.TC002_LoginTest2@2ea6e30c]" started-at="2025-03-10T19:11:39 IST" name="setup" finished-at="2025-03-10T19:11:42 IST" duration-ms="2796" status="PASS">
          <params>
            <param index="0">
              <value>
                <![CDATA[windows]]>
              </value>
            </param>
            <param index="1">
              <value>
                <![CDATA[chrome]]>
              </value>
            </param>
          </params>
          <reporter-output>
          </reporter-output>
        </test-method> <!-- setup -->
        <test-method signature="check_Login()[pri:0, instance:testCases.TC002_LoginTest2@2ea6e30c]" started-at="2025-03-10T19:11:42 IST" name="check_Login" finished-at="2025-03-10T19:11:49 IST" duration-ms="6730" status="PASS">
          <reporter-output>
          </reporter-output>
        </test-method> <!-- check_Login -->
        <test-method is-config="true" signature="teardown()[pri:0, instance:testCases.TC002_LoginTest2@2ea6e30c]" started-at="2025-03-10T19:11:49 IST" name="teardown" finished-at="2025-03-10T19:11:49 IST" duration-ms="169" status="PASS">
          <reporter-output>
          </reporter-output>
        </test-method> <!-- teardown -->
      </class> <!-- testCases.TC002_LoginTest2 -->
    </test> <!-- Test -->
  </suite> <!-- Master Suite -->
</testng-results>
